AMO/Library/Bee/Android/Prj/IL2CPP/Gradle/launcher/build/intermediates/manifest_merge_blame_file/release/manifest-merger-blame-release-report.txt
1<?xml version="1.0" encoding="utf-8"?>
2<manifest xmlns:android="http://schemas.android.com/apk/res/android"
3    package="com.DefaultCompany.AMO"
4    android:installLocation="preferExternal"
5    android:versionCode="1"
6    android:versionName="0.1" >
7
8    <uses-sdk
9        android:minSdkVersion="26"
9-->src\main\AndroidManifest.xml
10        android:targetSdkVersion="32" />
10-->src\main\AndroidManifest.xml
11
12    <supports-screens
12-->src\main\AndroidManifest.xml:4:3-163
13        android:anyDensity="true"
13-->src\main\AndroidManifest.xml:4:135-160
14        android:largeScreens="true"
14-->src\main\AndroidManifest.xml:4:78-105
15        android:normalScreens="true"
15-->src\main\AndroidManifest.xml:4:49-77
16        android:smallScreens="true"
16-->src\main\AndroidManifest.xml:4:21-48
17        android:xlargeScreens="true" />
17-->src\main\AndroidManifest.xml:4:106-134
18
19    <uses-permission android:name="android.permission.INTERNET" />
19-->[:unityLibrary] AndroidManifest.xml:10:5-67
19-->[:unityLibrary] AndroidManifest.xml:10:22-64
20    <uses-permission android:name="android.permission.CAMERA" />
20-->[:unityLibrary] AndroidManifest.xml:11:5-65
20-->[:unityLibrary] AndroidManifest.xml:11:22-62
21    <uses-permission android:name="android.permission.READ_EXTERNAL_STORAGE" />
21-->[:unityLibrary] AndroidManifest.xml:12:5-80
21-->[:unityLibrary] AndroidManifest.xml:12:22-77
22    <uses-permission android:name="android.permission.WRITE_EXTERNAL_STORAGE" />
22-->[:unityLibrary] AndroidManifest.xml:13:5-81
22-->[:unityLibrary] AndroidManifest.xml:13:22-78
23    <uses-permission android:name="android.permission.ACCESS_FINE_LOCATION" />
23-->[:unityLibrary] AndroidManifest.xml:14:5-79
23-->[:unityLibrary] AndroidManifest.xml:14:22-76
24    <uses-permission android:name="android.permission.ACCESS_COARSE_LOCATION" />
24-->[:unityLibrary] AndroidManifest.xml:15:5-81
24-->[:unityLibrary] AndroidManifest.xml:15:22-78
25    <uses-permission android:name="android.permission.QUERY_ALL_PACKAGES" />
25-->[:unityLibrary] AndroidManifest.xml:16:5-77
25-->[:unityLibrary] AndroidManifest.xml:16:22-74
26    <uses-permission android:name="android.permission.BLUETOOTH_ADMIN" />
26-->[:unityLibrary] AndroidManifest.xml:17:5-74
26-->[:unityLibrary] AndroidManifest.xml:17:22-71
27
28    <uses-feature
28-->[:unityLibrary] AndroidManifest.xml:19:5-21:36
29        android:name="android.hardware.camera"
29-->[:unityLibrary] AndroidManifest.xml:20:9-47
30        android:required="false" />
30-->[:unityLibrary] AndroidManifest.xml:21:9-33
31    <uses-feature android:glEsVersion="0x00030000" />
31-->[:unityLibrary] AndroidManifest.xml:22:5-54
31-->[:unityLibrary] AndroidManifest.xml:22:19-51
32    <uses-feature
32-->[:unityLibrary] AndroidManifest.xml:23:5-25:36
33        android:name="android.hardware.camera.autofocus"
33-->[:unityLibrary] AndroidManifest.xml:24:9-57
34        android:required="false" />
34-->[:unityLibrary] AndroidManifest.xml:25:9-33
35    <uses-feature
35-->[:unityLibrary] AndroidManifest.xml:26:5-28:36
36        android:name="android.hardware.camera.front"
36-->[:unityLibrary] AndroidManifest.xml:27:9-53
37        android:required="false" />
37-->[:unityLibrary] AndroidManifest.xml:28:9-33
38    <uses-feature
38-->[:unityLibrary] AndroidManifest.xml:29:5-31:36
39        android:name="android.hardware.touchscreen"
39-->[:unityLibrary] AndroidManifest.xml:30:9-52
40        android:required="false" />
40-->[:unityLibrary] AndroidManifest.xml:31:9-33
41    <uses-feature
41-->[:unityLibrary] AndroidManifest.xml:32:5-34:36
42        android:name="android.hardware.touchscreen.multitouch"
42-->[:unityLibrary] AndroidManifest.xml:33:9-63
43        android:required="false" />
43-->[:unityLibrary] AndroidManifest.xml:34:9-33
44    <uses-feature
44-->[:unityLibrary] AndroidManifest.xml:35:5-37:36
45        android:name="android.hardware.touchscreen.multitouch.distinct"
45-->[:unityLibrary] AndroidManifest.xml:36:9-72
46        android:required="false" />
46-->[:unityLibrary] AndroidManifest.xml:37:9-33
47
48    <queries>
48-->[com.google.ar:core:1.22.0] AndroidManifest.xml:29:5-31:15
49        <package android:name="com.google.ar.core" />
49-->[com.google.ar:core:1.22.0] AndroidManifest.xml:30:9-54
49-->[com.google.ar:core:1.22.0] AndroidManifest.xml:30:18-51
50
51        <intent>
51-->[:SpeechToText:] AndroidManifest.xml:4:3-6:12
52            <action android:name="android.speech.RecognitionService" />
52-->[:SpeechToText:] AndroidManifest.xml:5:4-63
52-->[:SpeechToText:] AndroidManifest.xml:5:12-60
53        </intent>
54    </queries>
55
56    <permission
56-->[:BasicFunctionSDK_1.2.1:] AndroidManifest.xml:11:5-16:47
57        android:name="com.DefaultCompany.AMO.permission.AUDIO_GAIN"
57-->[:BasicFunctionSDK_1.2.1:] AndroidManifest.xml:12:9-62
58        android:description="@string/perm_description_audio_gain_control"
58-->[:BasicFunctionSDK_1.2.1:] AndroidManifest.xml:13:9-74
59        android:label="@string/perm_label_audio_gain_control"
59-->[:BasicFunctionSDK_1.2.1:] AndroidManifest.xml:14:9-62
60        android:permissionGroup="com.DefaultCompany.AMO.permission-group.MOVERIO"
60-->[:BasicFunctionSDK_1.2.1:] AndroidManifest.xml:15:9-76
61        android:protectionLevel="dangerous" />
61-->[:BasicFunctionSDK_1.2.1:] AndroidManifest.xml:16:9-44
62
63    <permission-group
63-->[:BasicFunctionSDK_1.2.1:] AndroidManifest.xml:18:5-21:65
64        android:name="com.DefaultCompany.AMO.permission-group.MOVERIO"
64-->[:BasicFunctionSDK_1.2.1:] AndroidManifest.xml:19:9-65
65        android:description="@string/perm_description_audio_gain_control"
65-->[:BasicFunctionSDK_1.2.1:] AndroidManifest.xml:20:9-74
66        android:label="@string/perm_label_audio_gain_control" />
66-->[:BasicFunctionSDK_1.2.1:] AndroidManifest.xml:21:9-62
67
68    <uses-permission android:name="android.permission.RECORD_AUDIO" />
68-->[:SpeechToText:] AndroidManifest.xml:10:2-68
68-->[:SpeechToText:] AndroidManifest.xml:10:19-65
69    <uses-permission android:name="android.permission.camera2.full" />
69-->[:EasyWebCamLib:] AndroidManifest.xml:11:5-71
69-->[:EasyWebCamLib:] AndroidManifest.xml:11:22-68
70
71    <application
71-->src\main\AndroidManifest.xml:3:3-83
72        android:extractNativeLibs="true"
72-->[:unityLibrary] AndroidManifest.xml:39:18-50
73        android:icon="@mipmap/app_icon"
73-->src\main\AndroidManifest.xml:3:49-80
74        android:label="@string/app_name" >
74-->src\main\AndroidManifest.xml:3:16-48
75        <meta-data
75-->[:unityLibrary] AndroidManifest.xml:40:9-42:40
76            android:name="com.google.ar.core"
76-->[:unityLibrary] AndroidManifest.xml:41:13-46
77            android:value="optional" />
77-->[:unityLibrary] AndroidManifest.xml:42:13-37
78        <meta-data
78-->[:unityLibrary] AndroidManifest.xml:43:9-45:36
79            android:name="nreal_sdk"
79-->[:unityLibrary] AndroidManifest.xml:44:13-37
80            android:value="true" />
80-->[:unityLibrary] AndroidManifest.xml:45:13-33
81        <meta-data
81-->[:unityLibrary] AndroidManifest.xml:46:9-48:51
82            android:name="com.nreal.supportDevices"
82-->[:unityLibrary] AndroidManifest.xml:47:13-52
83            android:value="NrealLight|NrealAir" />
83-->[:unityLibrary] AndroidManifest.xml:48:13-48
84        <meta-data
84-->[:unityLibrary] AndroidManifest.xml:49:9-51:33
85            android:name="unity.splash-mode"
85-->[:unityLibrary] AndroidManifest.xml:50:13-45
86            android:value="0" />
86-->[:unityLibrary] AndroidManifest.xml:51:13-30
87        <meta-data
87-->[:unityLibrary] AndroidManifest.xml:52:9-54:36
88            android:name="unity.splash-enable"
88-->[:unityLibrary] AndroidManifest.xml:53:13-47
89            android:value="True" />
89-->[:unityLibrary] AndroidManifest.xml:54:13-33
90        <meta-data
90-->[:unityLibrary] AndroidManifest.xml:55:9-57:36
91            android:name="unity.launch-fullscreen"
91-->[:unityLibrary] AndroidManifest.xml:56:13-51
92            android:value="True" />
92-->[:unityLibrary] AndroidManifest.xml:57:13-33
93        <meta-data
93-->[:unityLibrary] AndroidManifest.xml:58:9-60:36
94            android:name="unity.render-outside-safearea"
94-->[:unityLibrary] AndroidManifest.xml:59:13-57
95            android:value="True" />
95-->[:unityLibrary] AndroidManifest.xml:60:13-33
96        <meta-data
96-->[:unityLibrary] AndroidManifest.xml:61:9-63:50
97            android:name="notch.config"
97-->[:unityLibrary] AndroidManifest.xml:62:13-40
98            android:value="portrait|landscape" />
98-->[:unityLibrary] AndroidManifest.xml:63:13-47
99        <meta-data
99-->[:unityLibrary] AndroidManifest.xml:64:9-66:36
100            android:name="unity.auto-report-fully-drawn"
100-->[:unityLibrary] AndroidManifest.xml:65:13-57
101            android:value="true" />
101-->[:unityLibrary] AndroidManifest.xml:66:13-33
102
103        <activity
103-->[:unityLibrary] AndroidManifest.xml:68:9-89:20
104            android:name="com.unity3d.player.UnityPlayerActivity"
104-->[:unityLibrary] AndroidManifest.xml:69:13-66
105            android:configChanges="mcc|mnc|locale|touchscreen|keyboard|keyboardHidden|navigation|orientation|screenLayout|uiMode|screenSize|smallestScreenSize|fontScale|layoutDirection|density"
105-->[:unityLibrary] AndroidManifest.xml:70:13-194
106            android:exported="true"
106-->[:unityLibrary] AndroidManifest.xml:71:13-36
107            android:hardwareAccelerated="false"
107-->[:unityLibrary] AndroidManifest.xml:72:13-48
108            android:launchMode="singleTask"
108-->[:unityLibrary] AndroidManifest.xml:73:13-44
109            android:resizeableActivity="false"
109-->[:unityLibrary] AndroidManifest.xml:74:13-47
110            android:screenOrientation="fullUser"
110-->[:unityLibrary] AndroidManifest.xml:75:13-49
111            android:theme="@style/UnityThemeSelector" >
111-->[:unityLibrary] AndroidManifest.xml:76:13-54
112            <intent-filter>
112-->[:unityLibrary] AndroidManifest.xml:77:13-81:29
113                <category android:name="android.intent.category.LAUNCHER" />
113-->[:unityLibrary] AndroidManifest.xml:78:17-77
113-->[:unityLibrary] AndroidManifest.xml:78:27-74
114
115                <action android:name="android.intent.action.MAIN" />
115-->[:unityLibrary] AndroidManifest.xml:80:17-69
115-->[:unityLibrary] AndroidManifest.xml:80:25-66
116            </intent-filter>
117
118            <meta-data
118-->[:unityLibrary] AndroidManifest.xml:83:13-85:40
119                android:name="unityplayer.UnityActivity"
119-->[:unityLibrary] AndroidManifest.xml:84:17-57
120                android:value="true" />
120-->[:unityLibrary] AndroidManifest.xml:85:17-37
121            <meta-data
121-->[:unityLibrary] AndroidManifest.xml:86:13-88:40
122                android:name="notch_support"
122-->[:unityLibrary] AndroidManifest.xml:87:17-45
123                android:value="true" />
123-->[:unityLibrary] AndroidManifest.xml:88:17-37
124        </activity> <!-- The minimal version code of ARCore APK required for an app using this SDK. -->
125        <meta-data
125-->[com.google.ar:core:1.22.0] AndroidManifest.xml:36:9-38:41
126            android:name="com.google.ar.core.min_apk_version"
126-->[com.google.ar:core:1.22.0] AndroidManifest.xml:37:13-62
127            android:value="202940000" /> <!-- This activity is critical for installing ARCore when it is not already present. -->
127-->[com.google.ar:core:1.22.0] AndroidManifest.xml:38:13-38
128        <activity
128-->[com.google.ar:core:1.22.0] AndroidManifest.xml:40:9-46:80
129            android:name="com.google.ar.core.InstallActivity"
129-->[com.google.ar:core:1.22.0] AndroidManifest.xml:41:13-62
130            android:configChanges="keyboardHidden|orientation|screenSize"
130-->[com.google.ar:core:1.22.0] AndroidManifest.xml:42:13-74
131            android:excludeFromRecents="true"
131-->[com.google.ar:core:1.22.0] AndroidManifest.xml:43:13-46
132            android:exported="false"
132-->[com.google.ar:core:1.22.0] AndroidManifest.xml:44:13-37
133            android:launchMode="singleTop"
133-->[com.google.ar:core:1.22.0] AndroidManifest.xml:45:13-43
134            android:theme="@android:style/Theme.Material.Light.Dialog.Alert" />
134-->[com.google.ar:core:1.22.0] AndroidManifest.xml:46:13-77
135    </application>
136
137</manifest>